Using pre-set license

 COMMAND LINE ARGUMENTS:
/Applications/Unity/Unity.app/Contents/MacOS/Unity
-adb2
-batchMode
-noUpm
-name
AssetImportWorker0
-projectPath
/Users/imintsao/Documents/GitHub/iminBranchMac/NewPerlinNoise
-logFile
Logs/AssetImportWorker0.log
-srvPort
50608
Successfully changed project path to: /Users/imintsao/Documents/GitHub/iminBranchMac/NewPerlinNoise
/Users/imintsao/Documents/GitHub/iminBranchMac/NewPerlinNoise
Using Asset Import Pipeline V2.
Refreshing native plugins compatible for Editor in 19.83 ms, found 1 plugins.
Preloading 0 native plugins for Editor in 0.00 ms.
Initialize engine version: 2020.3.5f1 (8095aa901b9b)
[Subsystems] Discovering subsystems at path /Applications/Unity/Unity.app/Contents/Resources/UnitySubsystems
[Subsystems] Discovering subsystems at path /Users/imintsao/Documents/GitHub/iminBranchMac/NewPerlinNoise/Assets
GfxDevice: creating device client; threaded=0
2021-06-02 13:55:32.411 Unity[3120:65224] DELL U2518D preferred device: AMD Radeon Pro 555X (high power)
2021-06-02 13:55:32.411 Unity[3120:65224] Metal devices available: 2
2021-06-02 13:55:32.411 Unity[3120:65224] 0: AMD Radeon Pro 555X (high power)
2021-06-02 13:55:32.411 Unity[3120:65224] 1: Intel(R) UHD Graphics 630 (low power)
2021-06-02 13:55:32.412 Unity[3120:65224] Using device AMD Radeon Pro 555X (high power)
Initializing Metal device caps: AMD Radeon Pro 555X
Initialize mono
Mono path[0] = '/Applications/Unity/Unity.app/Contents/Managed'
Mono path[1] = '/Applications/Unity/Unity.app/Contents/MonoBleedingEdge/lib/mono/unityjit'
Mono config path = '/Applications/Unity/Unity.app/Contents/MonoBleedingEdge/etc'
Using monoOptions --debugger-agent=transport=dt_socket,embedding=1,server=y,suspend=n,address=127.0.0.1:56120
Begin MonoManager ReloadAssembly
Registering precompiled unity dll's ...
Register platform support module: /Applications/Unity/Unity.app/Contents/PlaybackEngines/MacStandaloneSupport/UnityEditor.OSXStandalone.Extensions.dll
Register platform support module: /Applications/Unity/PlaybackEngines/WindowsStandaloneSupport/UnityEditor.WindowsStandalone.Extensions.dll
Registered in 0.000583 seconds.
Native extension for WindowsStandalone target not found
Native extension for OSXStandalone target not found
Refreshing native plugins compatible for Editor in 20.35 ms, found 1 plugins.
Preloading 0 native plugins for Editor in 0.00 ms.
Mono: successfully reloaded assembly
- Completed reload, in  1.609 seconds
Platform modules already initialized, skipping
Registering precompiled user dll's ...
Registered in 0.000310 seconds.
Begin MonoManager ReloadAssembly
Native extension for WindowsStandalone target not found
Native extension for OSXStandalone target not found
Refreshing native plugins compatible for Editor in 0.18 ms, found 1 plugins.
Preloading 0 native plugins for Editor in 0.00 ms.
Mono: successfully reloaded assembly
- Completed reload, in  0.900 seconds
Platform modules already initialized, skipping
========================================================================
Worker process is ready to serve import requests
Launching external process: /Applications/Unity/Unity.app/Contents/Tools/UnityShaderCompiler
Launched and connected shader compiler UnityShaderCompiler after 0.01 seconds
Refreshing native plugins compatible for Editor in 0.19 ms, found 1 plugins.
Preloading 0 native plugins for Editor in 0.00 ms.
Unloading 1121 Unused Serialized files (Serialized files now loaded: 0)
System memory in use before: 109.5 MB.
System memory in use after: 109.5 MB.

Unloading 10 unused Assets to reduce memory usage. Loaded Objects now: 1563.
Total: 1.985896 ms (FindLiveObjects: 0.145986 ms CreateObjectMapping: 0.046465 ms MarkObjects: 1.711050 ms  DeleteObjects: 0.081470 ms)

========================================================================
Received Import Request.
  path: Assets/Scripts/TerrainAnotherImin.cs
  artifactKey: Guid(1c35f0964be0d41c8ae61a365c94465a) Importer(815301076,1909f56bfc062723c751e8b465ee728b)
Start importing Assets/Scripts/TerrainAnotherImin.cs using Guid(1c35f0964be0d41c8ae61a365c94465a) Importer(815301076,1909f56bfc062723c751e8b465ee728b)  -> (artifact id: '9c4a95bb157900797ca8c48735080b1f') in 1.790688 seconds
  Import took 1.792409 seconds .

========================================================================
Received Prepare
Registering precompiled user dll's ...
Registered in 0.000322 seconds.
Begin MonoManager ReloadAssembly
Native extension for WindowsStandalone target not found
Native extension for OSXStandalone target not found
Refreshing native plugins compatible for Editor in 0.19 ms, found 1 plugins.
Preloading 0 native plugins for Editor in 0.00 ms.
Mono: successfully reloaded assembly
- Completed reload, in  0.842 seconds
Platform modules already initialized, skipping
Refreshing native plugins compatible for Editor in 0.18 ms, found 1 plugins.
Preloading 0 native plugins for Editor in 0.00 ms.
Unloading 1116 Unused Serialized files (Serialized files now loaded: 0)
System memory in use before: 114.0 MB.
System memory in use after: 114.0 MB.

Unloading 5 unused Assets to reduce memory usage. Loaded Objects now: 1566.
Total: 1.354056 ms (FindLiveObjects: 0.140112 ms CreateObjectMapping: 0.029522 ms MarkObjects: 1.136774 ms  DeleteObjects: 0.046856 ms)

========================================================================
Received Import Request.
  Time since last request: 1.062285 seconds.
  path: Assets/Scripts/TerrainAnotherImin.cs
  artifactKey: Guid(1c35f0964be0d41c8ae61a365c94465a) Importer(815301076,1909f56bfc062723c751e8b465ee728b)
Start importing Assets/Scripts/TerrainAnotherImin.cs using Guid(1c35f0964be0d41c8ae61a365c94465a) Importer(815301076,1909f56bfc062723c751e8b465ee728b)  -> (artifact id: '9c4a95bb157900797ca8c48735080b1f') in 0.004552 seconds
  Import took 0.006413 seconds .

========================================================================
Received Prepare
Registering precompiled user dll's ...
Registered in 0.000241 seconds.
Begin MonoManager ReloadAssembly
Native extension for WindowsStandalone target not found
Native extension for OSXStandalone target not found
Refreshing native plugins compatible for Editor in 0.18 ms, found 1 plugins.
Preloading 0 native plugins for Editor in 0.00 ms.
Mono: successfully reloaded assembly
- Completed reload, in  0.833 seconds
Platform modules already initialized, skipping
Refreshing native plugins compatible for Editor in 0.22 ms, found 1 plugins.
Preloading 0 native plugins for Editor in 0.00 ms.
Unloading 1116 Unused Serialized files (Serialized files now loaded: 0)
System memory in use before: 114.1 MB.
System memory in use after: 114.2 MB.

Unloading 5 unused Assets to reduce memory usage. Loaded Objects now: 1569.
Total: 1.587581 ms (FindLiveObjects: 0.198676 ms CreateObjectMapping: 0.045705 ms MarkObjects: 1.293967 ms  DeleteObjects: 0.048111 ms)

========================================================================
Received Prepare
Registering precompiled user dll's ...
Registered in 0.000355 seconds.
Begin MonoManager ReloadAssembly
Native extension for WindowsStandalone target not found
Native extension for OSXStandalone target not found
Refreshing native plugins compatible for Editor in 0.18 ms, found 1 plugins.
Preloading 0 native plugins for Editor in 0.00 ms.
Mono: successfully reloaded assembly
- Completed reload, in  0.825 seconds
Platform modules already initialized, skipping
Refreshing native plugins compatible for Editor in 0.16 ms, found 1 plugins.
Preloading 0 native plugins for Editor in 0.00 ms.
Unloading 1116 Unused Serialized files (Serialized files now loaded: 0)
System memory in use before: 114.3 MB.
System memory in use after: 114.4 MB.

Unloading 5 unused Assets to reduce memory usage. Loaded Objects now: 1572.
Total: 1.740422 ms (FindLiveObjects: 0.174864 ms CreateObjectMapping: 0.039602 ms MarkObjects: 1.471032 ms  DeleteObjects: 0.053648 ms)

========================================================================
Received Prepare
Registering precompiled user dll's ...
Registered in 0.000341 seconds.
Begin MonoManager ReloadAssembly
Native extension for WindowsStandalone target not found
Native extension for OSXStandalone target not found
Refreshing native plugins compatible for Editor in 0.18 ms, found 1 plugins.
Preloading 0 native plugins for Editor in 0.00 ms.
Mono: successfully reloaded assembly
- Completed reload, in  0.815 seconds
Platform modules already initialized, skipping
Refreshing native plugins compatible for Editor in 0.17 ms, found 1 plugins.
Preloading 0 native plugins for Editor in 0.00 ms.
Unloading 1116 Unused Serialized files (Serialized files now loaded: 0)
System memory in use before: 114.4 MB.
System memory in use after: 114.5 MB.

Unloading 5 unused Assets to reduce memory usage. Loaded Objects now: 1575.
Total: 2.432633 ms (FindLiveObjects: 0.263587 ms CreateObjectMapping: 0.056809 ms MarkObjects: 2.038000 ms  DeleteObjects: 0.071865 ms)

========================================================================
Received Import Request.
  Time since last request: 1342.469768 seconds.
  path: Assets/Scripts/MeshGenerate_Imin.cs
  artifactKey: Guid(5b1087c8c694e427480c310ab455168f) Importer(815301076,1909f56bfc062723c751e8b465ee728b)
Start importing Assets/Scripts/MeshGenerate_Imin.cs using Guid(5b1087c8c694e427480c310ab455168f) Importer(815301076,1909f56bfc062723c751e8b465ee728b)  -> (artifact id: '8247bf47eb7d7f329ae7ec1e980042f7') in 0.005750 seconds
  Import took 0.007685 seconds .

========================================================================
Received Import Request.
  Time since last request: 0.030350 seconds.
  path: Assets/Scripts/MeshGenerate_Imin.cs
  artifactKey: Guid(5b1087c8c694e427480c310ab455168f) Importer(815301076,1909f56bfc062723c751e8b465ee728b)
Start importing Assets/Scripts/MeshGenerate_Imin.cs using Guid(5b1087c8c694e427480c310ab455168f) Importer(815301076,1909f56bfc062723c751e8b465ee728b)  -> (artifact id: '8247bf47eb7d7f329ae7ec1e980042f7') in 0.003479 seconds
  Import took 0.005489 seconds .

========================================================================
Received Import Request.
  Time since last request: 12.484286 seconds.
  path: Assets/Scripts/TerrainAnotherImin.cs
  artifactKey: Guid(1c35f0964be0d41c8ae61a365c94465a) Importer(815301076,1909f56bfc062723c751e8b465ee728b)
Start importing Assets/Scripts/TerrainAnotherImin.cs using Guid(1c35f0964be0d41c8ae61a365c94465a) Importer(815301076,1909f56bfc062723c751e8b465ee728b)  -> (artifact id: '8eab3e6dd8d9a89473be17ed933f4d45') in 0.003665 seconds
  Import took 0.005584 seconds .

========================================================================
Received Import Request.
  Time since last request: 0.000292 seconds.
  path: Assets/Scripts/TerrainAnotherImin.cs
  artifactKey: Guid(1c35f0964be0d41c8ae61a365c94465a) Importer(815301076,1909f56bfc062723c751e8b465ee728b)
Start importing Assets/Scripts/TerrainAnotherImin.cs using Guid(1c35f0964be0d41c8ae61a365c94465a) Importer(815301076,1909f56bfc062723c751e8b465ee728b)  -> (artifact id: '8eab3e6dd8d9a89473be17ed933f4d45') in 0.003742 seconds
  Import took 0.005498 seconds .

========================================================================
Received Prepare
Registering precompiled user dll's ...
Registered in 0.000356 seconds.
Begin MonoManager ReloadAssembly
Native extension for WindowsStandalone target not found
Native extension for OSXStandalone target not found
Refreshing native plugins compatible for Editor in 0.18 ms, found 1 plugins.
Preloading 0 native plugins for Editor in 0.00 ms.
Mono: successfully reloaded assembly
- Completed reload, in  0.807 seconds
Platform modules already initialized, skipping
Refreshing native plugins compatible for Editor in 0.24 ms, found 1 plugins.
Preloading 0 native plugins for Editor in 0.00 ms.
Unloading 1116 Unused Serialized files (Serialized files now loaded: 0)
System memory in use before: 114.6 MB.
System memory in use after: 114.7 MB.

Unloading 5 unused Assets to reduce memory usage. Loaded Objects now: 1578.
Total: 1.977906 ms (FindLiveObjects: 0.215173 ms CreateObjectMapping: 0.047185 ms MarkObjects: 1.661358 ms  DeleteObjects: 0.052490 ms)

========================================================================
Received Prepare
Registering precompiled user dll's ...
Registered in 0.000346 seconds.
Begin MonoManager ReloadAssembly
Native extension for WindowsStandalone target not found
Native extension for OSXStandalone target not found
Refreshing native plugins compatible for Editor in 0.18 ms, found 1 plugins.
Preloading 0 native plugins for Editor in 0.00 ms.
Mono: successfully reloaded assembly
- Completed reload, in  0.785 seconds
Platform modules already initialized, skipping
Refreshing native plugins compatible for Editor in 0.30 ms, found 1 plugins.
Preloading 0 native plugins for Editor in 0.00 ms.
Unloading 1116 Unused Serialized files (Serialized files now loaded: 0)
System memory in use before: 114.8 MB.
System memory in use after: 114.9 MB.

Unloading 5 unused Assets to reduce memory usage. Loaded Objects now: 1581.
Total: 1.622869 ms (FindLiveObjects: 0.157915 ms CreateObjectMapping: 0.040379 ms MarkObjects: 1.376278 ms  DeleteObjects: 0.046936 ms)

========================================================================
Received Prepare
Registering precompiled user dll's ...
Registered in 0.000318 seconds.
Begin MonoManager ReloadAssembly
Native extension for WindowsStandalone target not found
Native extension for OSXStandalone target not found
Refreshing native plugins compatible for Editor in 0.18 ms, found 1 plugins.
Preloading 0 native plugins for Editor in 0.00 ms.
Mono: successfully reloaded assembly
- Completed reload, in  0.822 seconds
Platform modules already initialized, skipping
Refreshing native plugins compatible for Editor in 0.18 ms, found 1 plugins.
Preloading 0 native plugins for Editor in 0.00 ms.
Unloading 1116 Unused Serialized files (Serialized files now loaded: 0)
System memory in use before: 115.0 MB.
System memory in use after: 115.1 MB.

Unloading 5 unused Assets to reduce memory usage. Loaded Objects now: 1584.
Total: 1.942827 ms (FindLiveObjects: 0.179624 ms CreateObjectMapping: 0.046716 ms MarkObjects: 1.660397 ms  DeleteObjects: 0.054841 ms)

========================================================================
Received Import Request.
  Time since last request: 5475.726808 seconds.
  path: Assets/Mesh_Generate_Imin.prefab
  artifactKey: Guid(7116c35b4932541d79e55e9deebbb10f) Importer(815301076,1909f56bfc062723c751e8b465ee728b)
Start importing Assets/Mesh_Generate_Imin.prefab using Guid(7116c35b4932541d79e55e9deebbb10f) Importer(815301076,1909f56bfc062723c751e8b465ee728b)  -> (artifact id: '8ef74f943892ea0fc9a238ffac00bf86') in 0.264738 seconds
  Import took 0.268729 seconds .

========================================================================
Received Import Request.
  Time since last request: 25.900146 seconds.
  path: Assets/Material
  artifactKey: Guid(a94a9b9dfe84d4c9590000beb3152877) Importer(815301076,1909f56bfc062723c751e8b465ee728b)
Start importing Assets/Material using Guid(a94a9b9dfe84d4c9590000beb3152877) Importer(815301076,1909f56bfc062723c751e8b465ee728b)  -> (artifact id: '942d2deb70fe5aa649bd5cd1a6ce0ae4') in 0.001846 seconds
  Import took 0.004524 seconds .

========================================================================
Received Import Request.
  Time since last request: 21.443835 seconds.
  path: Assets/Texture
  artifactKey: Guid(b7f1f6e7103fa44c3ae8347deaea1658) Importer(815301076,1909f56bfc062723c751e8b465ee728b)
Start importing Assets/Texture using Guid(b7f1f6e7103fa44c3ae8347deaea1658) Importer(815301076,1909f56bfc062723c751e8b465ee728b)  -> (artifact id: 'd617d4b60f8e097342bdd2bff9883c9d') in 0.002389 seconds
  Import took 0.004841 seconds .

========================================================================
Received Prepare
Registering precompiled user dll's ...
Registered in 0.000717 seconds.
Begin MonoManager ReloadAssembly
Native extension for WindowsStandalone target not found
Native extension for OSXStandalone target not found
Refreshing native plugins compatible for Editor in 0.18 ms, found 1 plugins.
Preloading 0 native plugins for Editor in 0.00 ms.
Mono: successfully reloaded assembly
- Completed reload, in  0.842 seconds
Platform modules already initialized, skipping
Refreshing native plugins compatible for Editor in 0.18 ms, found 1 plugins.
Preloading 0 native plugins for Editor in 0.00 ms.
Unloading 1116 Unused Serialized files (Serialized files now loaded: 0)
System memory in use before: 119.5 MB.
System memory in use after: 119.5 MB.

Unloading 5 unused Assets to reduce memory usage. Loaded Objects now: 1587.
Total: 2.202849 ms (FindLiveObjects: 0.223541 ms CreateObjectMapping: 0.053524 ms MarkObjects: 1.858020 ms  DeleteObjects: 0.065930 ms)

========================================================================
Received Import Request.
  Time since last request: 74.716749 seconds.
  path: Assets/Material/TerrainPlan.mat
  artifactKey: Guid(22df780ba94824434a65f9340da70930) Importer(815301076,1909f56bfc062723c751e8b465ee728b)
Start importing Assets/Material/TerrainPlan.mat using Guid(22df780ba94824434a65f9340da70930) Importer(815301076,1909f56bfc062723c751e8b465ee728b)  -> (artifact id: '5b5097c4705c91a198001e9dbdaff4ae') in 0.240865 seconds
  Import took 0.244457 seconds .

========================================================================
Received Prepare
Registering precompiled user dll's ...
Registered in 0.000377 seconds.
Begin MonoManager ReloadAssembly
Native extension for WindowsStandalone target not found
Native extension for OSXStandalone target not found
Refreshing native plugins compatible for Editor in 0.18 ms, found 1 plugins.
Preloading 0 native plugins for Editor in 0.00 ms.
Mono: successfully reloaded assembly
- Completed reload, in  0.832 seconds
Platform modules already initialized, skipping
Refreshing native plugins compatible for Editor in 0.18 ms, found 1 plugins.
Preloading 0 native plugins for Editor in 0.00 ms.
Unloading 1116 Unused Serialized files (Serialized files now loaded: 0)
System memory in use before: 127.6 MB.
System memory in use after: 127.7 MB.

Unloading 5 unused Assets to reduce memory usage. Loaded Objects now: 1630.
Total: 1.595737 ms (FindLiveObjects: 0.187055 ms CreateObjectMapping: 0.042579 ms MarkObjects: 1.314505 ms  DeleteObjects: 0.049631 ms)

========================================================================
Received Import Request.
  Time since last request: 918.389400 seconds.
  path: Assets/Scripts/NoiseSB.cs
  artifactKey: Guid(fb61390f340cc445280db0b8e846643a) Importer(815301076,1909f56bfc062723c751e8b465ee728b)
Start importing Assets/Scripts/NoiseSB.cs using Guid(fb61390f340cc445280db0b8e846643a) Importer(815301076,1909f56bfc062723c751e8b465ee728b)  -> (artifact id: '156fb5e7040261d09d6cb0f8fd2e1509') in 0.006137 seconds
  Import took 0.008089 seconds .

========================================================================
Received Prepare
Registering precompiled user dll's ...
Registered in 0.000339 seconds.
Begin MonoManager ReloadAssembly
Native extension for WindowsStandalone target not found
Native extension for OSXStandalone target not found
Refreshing native plugins compatible for Editor in 0.18 ms, found 1 plugins.
Preloading 0 native plugins for Editor in 0.00 ms.
Mono: successfully reloaded assembly
- Completed reload, in  0.840 seconds
Platform modules already initialized, skipping
Refreshing native plugins compatible for Editor in 0.18 ms, found 1 plugins.
Preloading 0 native plugins for Editor in 0.00 ms.
Unloading 1117 Unused Serialized files (Serialized files now loaded: 0)
System memory in use before: 127.8 MB.
System memory in use after: 127.9 MB.

Unloading 5 unused Assets to reduce memory usage. Loaded Objects now: 1634.
Total: 1.432056 ms (FindLiveObjects: 0.127640 ms CreateObjectMapping: 0.030403 ms MarkObjects: 1.226960 ms  DeleteObjects: 0.046186 ms)

========================================================================
Received Import Request.
  Time since last request: 1434.094324 seconds.
  path: Assets/Scripts/MapGeneratorSB.cs
  artifactKey: Guid(d9a748fbcc4db40388dd360b8c3cc71b) Importer(815301076,1909f56bfc062723c751e8b465ee728b)
Start importing Assets/Scripts/MapGeneratorSB.cs using Guid(d9a748fbcc4db40388dd360b8c3cc71b) Importer(815301076,1909f56bfc062723c751e8b465ee728b)  -> (artifact id: 'fcfc5502f50168a8f046408d172db092') in 0.007439 seconds
  Import took 0.009689 seconds .

========================================================================
Received Prepare
Registering precompiled user dll's ...
Registered in 0.000263 seconds.
Begin MonoManager ReloadAssembly
Native extension for WindowsStandalone target not found
Native extension for OSXStandalone target not found
Refreshing native plugins compatible for Editor in 0.22 ms, found 1 plugins.
Preloading 0 native plugins for Editor in 0.00 ms.
Mono: successfully reloaded assembly
- Completed reload, in  0.823 seconds
Platform modules already initialized, skipping
Refreshing native plugins compatible for Editor in 0.17 ms, found 1 plugins.
Preloading 0 native plugins for Editor in 0.00 ms.
Unloading 1118 Unused Serialized files (Serialized files now loaded: 0)
System memory in use before: 128.0 MB.
System memory in use after: 128.1 MB.

Unloading 5 unused Assets to reduce memory usage. Loaded Objects now: 1638.
Total: 1.860280 ms (FindLiveObjects: 0.166193 ms CreateObjectMapping: 0.041409 ms MarkObjects: 1.592787 ms  DeleteObjects: 0.058408 ms)

========================================================================
Received Import Request.
  Time since last request: 1343.841707 seconds.
  path: Assets/Scripts/MapGeneratorSB.cs
  artifactKey: Guid(d9a748fbcc4db40388dd360b8c3cc71b) Importer(815301076,1909f56bfc062723c751e8b465ee728b)
Start importing Assets/Scripts/MapGeneratorSB.cs using Guid(d9a748fbcc4db40388dd360b8c3cc71b) Importer(815301076,1909f56bfc062723c751e8b465ee728b)  -> (artifact id: 'ba9b20f5e62943adf06be7a65fe60485') in 0.005431 seconds
  Import took 0.007839 seconds .

========================================================================
Received Import Request.
  Time since last request: 0.001123 seconds.
  path: Assets/Scripts/MapGeneratorSB.cs
  artifactKey: Guid(d9a748fbcc4db40388dd360b8c3cc71b) Importer(815301076,1909f56bfc062723c751e8b465ee728b)
Start importing Assets/Scripts/MapGeneratorSB.cs using Guid(d9a748fbcc4db40388dd360b8c3cc71b) Importer(815301076,1909f56bfc062723c751e8b465ee728b)  -> (artifact id: 'ba9b20f5e62943adf06be7a65fe60485') in 0.003716 seconds
  Import took 0.005517 seconds .

========================================================================
Received Import Request.
  Time since last request: 197.352855 seconds.
  path: Assets/Scripts/MapDisplaySB.cs
  artifactKey: Guid(e58213b8121ab495b98baa6be59ff58f) Importer(815301076,1909f56bfc062723c751e8b465ee728b)
Start importing Assets/Scripts/MapDisplaySB.cs using Guid(e58213b8121ab495b98baa6be59ff58f) Importer(815301076,1909f56bfc062723c751e8b465ee728b)  -> (artifact id: '6d3fd16aaa466bfca732e1c5657c7b39') in 0.005092 seconds
  Import took 0.007427 seconds .

========================================================================
Received Prepare
Registering precompiled user dll's ...
Registered in 0.000380 seconds.
Begin MonoManager ReloadAssembly
Native extension for WindowsStandalone target not found
Native extension for OSXStandalone target not found
Refreshing native plugins compatible for Editor in 0.19 ms, found 1 plugins.
Preloading 0 native plugins for Editor in 0.00 ms.
Mono: successfully reloaded assembly
- Completed reload, in  0.829 seconds
Platform modules already initialized, skipping
Refreshing native plugins compatible for Editor in 0.17 ms, found 1 plugins.
Preloading 0 native plugins for Editor in 0.00 ms.
Unloading 1119 Unused Serialized files (Serialized files now loaded: 0)
System memory in use before: 128.3 MB.
System memory in use after: 128.3 MB.

Unloading 5 unused Assets to reduce memory usage. Loaded Objects now: 1642.
Total: 1.719708 ms (FindLiveObjects: 0.185621 ms CreateObjectMapping: 0.042313 ms MarkObjects: 1.436259 ms  DeleteObjects: 0.054112 ms)

========================================================================
Received Import Request.
  Time since last request: 1759.225209 seconds.
  path: Assets/Material/TerrainPlan.mat
  artifactKey: Guid(22df780ba94824434a65f9340da70930) Importer(815301076,1909f56bfc062723c751e8b465ee728b)
Start importing Assets/Material/TerrainPlan.mat using Guid(22df780ba94824434a65f9340da70930) Importer(815301076,1909f56bfc062723c751e8b465ee728b)  -> (artifact id: 'd5a05d1caf3061d92b81602010a92381') in 0.074915 seconds
  Import took 0.077146 seconds .

========================================================================
Received Prepare
Registering precompiled user dll's ...
Registered in 0.000387 seconds.
Begin MonoManager ReloadAssembly
Native extension for WindowsStandalone target not found
Native extension for OSXStandalone target not found
Refreshing native plugins compatible for Editor in 0.18 ms, found 1 plugins.
Preloading 0 native plugins for Editor in 0.00 ms.
Mono: successfully reloaded assembly
- Completed reload, in  0.833 seconds
Platform modules already initialized, skipping
Refreshing native plugins compatible for Editor in 0.17 ms, found 1 plugins.
Preloading 0 native plugins for Editor in 0.00 ms.
Unloading 1119 Unused Serialized files (Serialized files now loaded: 0)
System memory in use before: 128.5 MB.
System memory in use after: 128.5 MB.

Unloading 5 unused Assets to reduce memory usage. Loaded Objects now: 1647.
Total: 2.102220 ms (FindLiveObjects: 0.207810 ms CreateObjectMapping: 0.051163 ms MarkObjects: 1.777461 ms  DeleteObjects: 0.064025 ms)

========================================================================
Received Import Request.
  Time since last request: 88.474563 seconds.
  path: Assets/EditorSB
  artifactKey: Guid(f165c67d75d9846d5a140038bd0e8575) Importer(815301076,1909f56bfc062723c751e8b465ee728b)
Start importing Assets/EditorSB using Guid(f165c67d75d9846d5a140038bd0e8575) Importer(815301076,1909f56bfc062723c751e8b465ee728b)  -> (artifact id: 'a585d0140fc30f6e460f9cb6d043635e') in 0.004397 seconds
  Import took 0.007313 seconds .

========================================================================
Received Import Request.
  Time since last request: 37.345658 seconds.
  path: Assets/EditorSB/MapGEEditorSB.cs
  artifactKey: Guid(a865ba4b122854569bbfffc52b4020b1) Importer(815301076,1909f56bfc062723c751e8b465ee728b)
Start importing Assets/EditorSB/MapGEEditorSB.cs using Guid(a865ba4b122854569bbfffc52b4020b1) Importer(815301076,1909f56bfc062723c751e8b465ee728b)  -> (artifact id: '7442ea9d36461172187efddb89e42e02') in 0.005913 seconds
  Import took 0.008550 seconds .

========================================================================
Received Prepare
Registering precompiled user dll's ...
Registered in 0.000305 seconds.
Begin MonoManager ReloadAssembly
Native extension for WindowsStandalone target not found
Native extension for OSXStandalone target not found
Refreshing native plugins compatible for Editor in 0.18 ms, found 1 plugins.
Preloading 0 native plugins for Editor in 0.00 ms.
Mono: successfully reloaded assembly
- Completed reload, in  0.817 seconds
Platform modules already initialized, skipping
Refreshing native plugins compatible for Editor in 0.22 ms, found 1 plugins.
Preloading 0 native plugins for Editor in 0.00 ms.
Unloading 1120 Unused Serialized files (Serialized files now loaded: 0)
System memory in use before: 128.7 MB.
System memory in use after: 128.8 MB.

Unloading 5 unused Assets to reduce memory usage. Loaded Objects now: 1651.
Total: 1.873839 ms (FindLiveObjects: 0.158153 ms CreateObjectMapping: 0.097464 ms MarkObjects: 1.567460 ms  DeleteObjects: 0.049753 ms)

========================================================================
Received Prepare
Registering precompiled user dll's ...
Registered in 0.000362 seconds.
Begin MonoManager ReloadAssembly
Native extension for WindowsStandalone target not found
Native extension for OSXStandalone target not found
Refreshing native plugins compatible for Editor in 0.18 ms, found 1 plugins.
Preloading 0 native plugins for Editor in 0.00 ms.
Mono: successfully reloaded assembly
- Completed reload, in  0.821 seconds
Platform modules already initialized, skipping
Refreshing native plugins compatible for Editor in 0.18 ms, found 1 plugins.
Preloading 0 native plugins for Editor in 0.00 ms.
Unloading 1120 Unused Serialized files (Serialized files now loaded: 0)
System memory in use before: 128.8 MB.
System memory in use after: 128.9 MB.

Unloading 5 unused Assets to reduce memory usage. Loaded Objects now: 1654.
Total: 1.838538 ms (FindLiveObjects: 0.157525 ms CreateObjectMapping: 0.037034 ms MarkObjects: 1.589927 ms  DeleteObjects: 0.052790 ms)

========================================================================
Received Import Request.
  Time since last request: 663.136064 seconds.
  path: Assets/EditorSB/MapGEEditorSB.cs
  artifactKey: Guid(a865ba4b122854569bbfffc52b4020b1) Importer(815301076,1909f56bfc062723c751e8b465ee728b)
Start importing Assets/EditorSB/MapGEEditorSB.cs using Guid(a865ba4b122854569bbfffc52b4020b1) Importer(815301076,1909f56bfc062723c751e8b465ee728b)  -> (artifact id: '80887dcfacef34471d5fd5dd76992f33') in 0.006558 seconds
  Import took 0.009487 seconds .

========================================================================
Received Prepare
Registering precompiled user dll's ...
Registered in 0.000371 seconds.
Begin MonoManager ReloadAssembly
Native extension for WindowsStandalone target not found
Native extension for OSXStandalone target not found
Refreshing native plugins compatible for Editor in 0.19 ms, found 1 plugins.
Preloading 0 native plugins for Editor in 0.00 ms.
Mono: successfully reloaded assembly
- Completed reload, in  0.828 seconds
Platform modules already initialized, skipping
Refreshing native plugins compatible for Editor in 0.16 ms, found 1 plugins.
Preloading 0 native plugins for Editor in 0.00 ms.
Unloading 1120 Unused Serialized files (Serialized files now loaded: 0)
System memory in use before: 129.0 MB.
System memory in use after: 129.1 MB.

Unloading 5 unused Assets to reduce memory usage. Loaded Objects now: 1657.
Total: 2.308072 ms (FindLiveObjects: 0.192944 ms CreateObjectMapping: 0.049566 ms MarkObjects: 1.992445 ms  DeleteObjects: 0.071423 ms)

========================================================================
Received Prepare
Registering precompiled user dll's ...
Registered in 0.000396 seconds.
Begin MonoManager ReloadAssembly
Native extension for WindowsStandalone target not found
Native extension for OSXStandalone target not found
Refreshing native plugins compatible for Editor in 0.19 ms, found 1 plugins.
Preloading 0 native plugins for Editor in 0.00 ms.
Mono: successfully reloaded assembly
- Completed reload, in  0.832 seconds
Platform modules already initialized, skipping
Refreshing native plugins compatible for Editor in 0.17 ms, found 1 plugins.
Preloading 0 native plugins for Editor in 0.00 ms.
Unloading 1120 Unused Serialized files (Serialized files now loaded: 0)
System memory in use before: 129.1 MB.
System memory in use after: 129.2 MB.

Unloading 5 unused Assets to reduce memory usage. Loaded Objects now: 1660.
Total: 1.897398 ms (FindLiveObjects: 0.198897 ms CreateObjectMapping: 0.046862 ms MarkObjects: 1.592833 ms  DeleteObjects: 0.057169 ms)

========================================================================
Received Prepare
Registering precompiled user dll's ...
Registered in 0.000332 seconds.
Begin MonoManager ReloadAssembly
Native extension for WindowsStandalone target not found
Native extension for OSXStandalone target not found
Refreshing native plugins compatible for Editor in 0.19 ms, found 1 plugins.
Preloading 0 native plugins for Editor in 0.00 ms.
Mono: successfully reloaded assembly
- Completed reload, in  0.822 seconds
Platform modules already initialized, skipping
Refreshing native plugins compatible for Editor in 0.17 ms, found 1 plugins.
Preloading 0 native plugins for Editor in 0.00 ms.
Unloading 1120 Unused Serialized files (Serialized files now loaded: 0)
System memory in use before: 129.4 MB.
System memory in use after: 129.4 MB.

Unloading 5 unused Assets to reduce memory usage. Loaded Objects now: 1663.
Total: 2.290382 ms (FindLiveObjects: 0.242605 ms CreateObjectMapping: 0.066488 ms MarkObjects: 1.914511 ms  DeleteObjects: 0.065339 ms)

========================================================================
Received Prepare
Registering precompiled user dll's ...
Registered in 0.000392 seconds.
Begin MonoManager ReloadAssembly
Native extension for WindowsStandalone target not found
Native extension for OSXStandalone target not found
Refreshing native plugins compatible for Editor in 0.18 ms, found 1 plugins.
Preloading 0 native plugins for Editor in 0.00 ms.
Mono: successfully reloaded assembly
- Completed reload, in  0.824 seconds
Platform modules already initialized, skipping
Refreshing native plugins compatible for Editor in 0.35 ms, found 1 plugins.
Preloading 0 native plugins for Editor in 0.00 ms.
Unloading 1120 Unused Serialized files (Serialized files now loaded: 0)
System memory in use before: 129.5 MB.
System memory in use after: 129.6 MB.

Unloading 5 unused Assets to reduce memory usage. Loaded Objects now: 1666.
Total: 1.464003 ms (FindLiveObjects: 0.132921 ms CreateObjectMapping: 0.032758 ms MarkObjects: 1.248226 ms  DeleteObjects: 0.049246 ms)

========================================================================
Received Prepare
Registering precompiled user dll's ...
Registered in 0.000386 seconds.
Begin MonoManager ReloadAssembly
Native extension for WindowsStandalone target not found
Native extension for OSXStandalone target not found
Refreshing native plugins compatible for Editor in 0.18 ms, found 1 plugins.
Preloading 0 native plugins for Editor in 0.00 ms.
Mono: successfully reloaded assembly
- Completed reload, in  0.885 seconds
Platform modules already initialized, skipping
Refreshing native plugins compatible for Editor in 0.22 ms, found 1 plugins.
Preloading 0 native plugins for Editor in 0.00 ms.
Unloading 1120 Unused Serialized files (Serialized files now loaded: 0)
System memory in use before: 129.8 MB.
System memory in use after: 129.8 MB.

Unloading 5 unused Assets to reduce memory usage. Loaded Objects now: 1669.
Total: 1.899279 ms (FindLiveObjects: 0.257727 ms CreateObjectMapping: 0.044315 ms MarkObjects: 1.488283 ms  DeleteObjects: 0.107436 ms)

========================================================================
Received Prepare
Registering precompiled user dll's ...
Registered in 0.000878 seconds.
Begin MonoManager ReloadAssembly
Native extension for WindowsStandalone target not found
Native extension for OSXStandalone target not found
Refreshing native plugins compatible for Editor in 0.19 ms, found 1 plugins.
Preloading 0 native plugins for Editor in 0.00 ms.
Mono: successfully reloaded assembly
- Completed reload, in  0.858 seconds
Platform modules already initialized, skipping
Refreshing native plugins compatible for Editor in 0.21 ms, found 1 plugins.
Preloading 0 native plugins for Editor in 0.00 ms.
Unloading 1120 Unused Serialized files (Serialized files now loaded: 0)
System memory in use before: 129.9 MB.
System memory in use after: 130.0 MB.

Unloading 5 unused Assets to reduce memory usage. Loaded Objects now: 1672.
Total: 2.715417 ms (FindLiveObjects: 0.312820 ms CreateObjectMapping: 0.089838 ms MarkObjects: 2.236009 ms  DeleteObjects: 0.074032 ms)

========================================================================
Received Prepare
Registering precompiled user dll's ...
Registered in 0.000347 seconds.
Begin MonoManager ReloadAssembly
Native extension for WindowsStandalone target not found
Native extension for OSXStandalone target not found
Refreshing native plugins compatible for Editor in 0.18 ms, found 1 plugins.
Preloading 0 native plugins for Editor in 0.00 ms.
Mono: successfully reloaded assembly
- Completed reload, in  0.854 seconds
Platform modules already initialized, skipping
Refreshing native plugins compatible for Editor in 0.20 ms, found 1 plugins.
Preloading 0 native plugins for Editor in 0.00 ms.
Unloading 1120 Unused Serialized files (Serialized files now loaded: 0)
System memory in use before: 130.1 MB.
System memory in use after: 130.2 MB.

Unloading 5 unused Assets to reduce memory usage. Loaded Objects now: 1675.
Total: 1.685163 ms (FindLiveObjects: 0.212133 ms CreateObjectMapping: 0.043287 ms MarkObjects: 1.379064 ms  DeleteObjects: 0.049417 ms)

========================================================================
Received Prepare
Registering precompiled user dll's ...
Registered in 0.000338 seconds.
Begin MonoManager ReloadAssembly
Native extension for WindowsStandalone target not found
Native extension for OSXStandalone target not found
Refreshing native plugins compatible for Editor in 0.22 ms, found 1 plugins.
Preloading 0 native plugins for Editor in 0.00 ms.
Mono: successfully reloaded assembly
- Completed reload, in  0.855 seconds
Platform modules already initialized, skipping
Refreshing native plugins compatible for Editor in 0.21 ms, found 1 plugins.
Preloading 0 native plugins for Editor in 0.00 ms.
Unloading 1120 Unused Serialized files (Serialized files now loaded: 0)
System memory in use before: 130.2 MB.
System memory in use after: 130.3 MB.

Unloading 5 unused Assets to reduce memory usage. Loaded Objects now: 1678.
Total: 2.149918 ms (FindLiveObjects: 0.262015 ms CreateObjectMapping: 0.063317 ms MarkObjects: 1.765705 ms  DeleteObjects: 0.055916 ms)

========================================================================
Received Prepare
Registering precompiled user dll's ...
Registered in 0.000932 seconds.
Begin MonoManager ReloadAssembly
Native extension for WindowsStandalone target not found
Native extension for OSXStandalone target not found
Refreshing native plugins compatible for Editor in 0.18 ms, found 1 plugins.
Preloading 0 native plugins for Editor in 0.00 ms.
Mono: successfully reloaded assembly
- Completed reload, in  0.868 seconds
Platform modules already initialized, skipping
Refreshing native plugins compatible for Editor in 0.20 ms, found 1 plugins.
Preloading 0 native plugins for Editor in 0.00 ms.
Unloading 1120 Unused Serialized files (Serialized files now loaded: 0)
System memory in use before: 130.5 MB.
System memory in use after: 130.5 MB.

Unloading 5 unused Assets to reduce memory usage. Loaded Objects now: 1681.
Total: 2.098062 ms (FindLiveObjects: 0.270960 ms CreateObjectMapping: 0.079962 ms MarkObjects: 1.689340 ms  DeleteObjects: 0.056125 ms)

========================================================================
Received Prepare
Registering precompiled user dll's ...
Registered in 0.000323 seconds.
Begin MonoManager ReloadAssembly
Native extension for WindowsStandalone target not found
Native extension for OSXStandalone target not found
Refreshing native plugins compatible for Editor in 0.18 ms, found 1 plugins.
Preloading 0 native plugins for Editor in 0.00 ms.
Mono: successfully reloaded assembly
- Completed reload, in  0.875 seconds
Platform modules already initialized, skipping
Refreshing native plugins compatible for Editor in 0.19 ms, found 1 plugins.
Preloading 0 native plugins for Editor in 0.00 ms.
Unloading 1120 Unused Serialized files (Serialized files now loaded: 0)
System memory in use before: 130.6 MB.
System memory in use after: 130.7 MB.

Unloading 5 unused Assets to reduce memory usage. Loaded Objects now: 1684.
Total: 2.119827 ms (FindLiveObjects: 0.291152 ms CreateObjectMapping: 0.073429 ms MarkObjects: 1.695115 ms  DeleteObjects: 0.058587 ms)

AssetImportWorkerClient::OnTransportError - code=2 error=End of file
